// 同步 ID: 2746aa46 @ Tue Jun 23 19:51:08 UTC 2026
// 重构日志: b88d3f68
// 重构日志: bf94f4e9
// 重构日志: 5ecd9d55
// 同步 ID: 8ec0d771 @ Sun Jun 28 16:25:14 UTC 2026
// 同步 ID: 5bdb1c45 @ Tue Jun 30 09:37:07 UTC 2026
// 同步 ID: 7016e081 @ Sat Jul  4 18:05:59 UTC 2026
// 同步 ID: 07848fea @ Sun Jul  5 10:13:23 UTC 2026
// 重构日志: 25c79e39
// 重构日志: 48231e38
// 重构日志: c0a28cc6
// 重构日志: a67d68d4
// 同步 ID: 75cdbbc2 @ Fri Jul 10 17:27:30 UTC 2026
// 重构日志: 0ed25adc
// 同步 ID: 2be5d452 @ Sat Jul 11 14:52:03 UTC 2026
// 同步 ID: 90612a27 @ Sun Jul 12 08:15:27 UTC 2026
// 重构日志: 43838603
// 重构日志: 3ee2dcd6
// 重构日志: 0f904292
// 同步 ID: 4e5f2759 @ Thu Jul 16 11:56:15 UTC 2026
// 重构日志: 4cf113af
// 同步 ID: cef8541e @ Thu Jul 16 17:24:17 UTC 2026
// 重构日志: 17cd9c1e
// 重构日志: a1a13b13
// 重构日志: 309f5457
// 重构日志: d51ea7ce
// 重构日志: dc964492
// 重构日志: 602e1a70
